{"C:\\Users\\Кирилл\\Desktop\\Pure functions\\app.js": {"path":"C:\\Users\\Кирилл\\Desktop\\Pure functions\\app.js","statementMap":{"0":{"start":{"line":2,"column":4},"end":{"line":8,"column":5}},"1":{"start":{"line":3,"column":6},"end":{"line":3,"column":21}},"2":{"start":{"line":4,"column":11},"end":{"line":8,"column":5}},"3":{"start":{"line":5,"column":6},"end":{"line":5,"column":22}},"4":{"start":{"line":7,"column":6},"end":{"line":7,"column":19}}},"fnMap":{"0":{"name":"getHealthStatus","decl":{"start":{"line":1,"column":16},"end":{"line":1,"column":31}},"loc":{"start":{"line":1,"column":43},"end":{"line":9,"column":3}},"line":1}},"branchMap":{"0":{"loc":{"start":{"line":2,"column":4},"end":{"line":8,"column":5}},"type":"if","locations":[{"start":{"line":2,"column":4},"end":{"line":8,"column":5}},{"start":{"line":4,"column":11},"end":{"line":8,"column":5}}],"line":2},"1":{"loc":{"start":{"line":4,"column":11},"end":{"line":8,"column":5}},"type":"if","locations":[{"start":{"line":4,"column":11},"end":{"line":8,"column":5}},{"start":{"line":6,"column":11},"end":{"line":8,"column":5}}],"line":4},"2":{"loc":{"start":{"line":4,"column":15},"end":{"line":4,"column":63}},"type":"binary-expr","locations":[{"start":{"line":4,"column":15},"end":{"line":4,"column":37}},{"start":{"line":4,"column":41},"end":{"line":4,"column":63}}],"line":4}},"s":{"0":3,"1":1,"2":2,"3":1,"4":1},"f":{"0":3},"b":{"0":[1,2],"1":[1,1],"2":[2,1]},"_coverageSchema":"1a1c01bbd47fc00a2c39e90264f33305004495a9","hash":"0aefd7856d6d415e44fd191dbdcd7d8f3cb6b0a2"}
}
